TN:
SF:tests\spec\restful-booker.spec.ts
FN:4,_interopRequireDefault
FN:5,(anonymous_1)
FN:8,(anonymous_2)
FN:22,(anonymous_3)
FN:55,(anonymous_4)
FN:67,(anonymous_5)
FN:79,(anonymous_6)
FN:91,(anonymous_7)
FN:103,(anonymous_8)
FN:125,(anonymous_9)
FN:153,(anonymous_10)
FN:191,(anonymous_11)
FNF:12
FNH:12
FNDA:4,_interopRequireDefault
FNDA:4,(anonymous_1)
FNDA:3,(anonymous_2)
FNDA:3,(anonymous_3)
FNDA:3,(anonymous_4)
FNDA:3,(anonymous_5)
FNDA:3,(anonymous_6)
FNDA:3,(anonymous_7)
FNDA:3,(anonymous_8)
FNDA:3,(anonymous_9)
FNDA:3,(anonymous_10)
FNDA:3,(anonymous_11)
DA:1,4
DA:2,4
DA:3,4
DA:4,4
DA:5,4
DA:8,4
DA:10,3
DA:11,3
DA:14,3
DA:15,3
DA:18,3
DA:22,4
DA:24,3
DA:26,3
DA:27,3
DA:29,3
DA:30,3
DA:32,3
DA:36,3
DA:40,3
DA:44,3
DA:48,3
DA:55,4
DA:57,3
DA:60,3
DA:62,3
DA:63,3
DA:67,4
DA:68,3
DA:72,3
DA:74,3
DA:75,3
DA:79,4
DA:80,3
DA:84,3
DA:86,3
DA:87,3
DA:91,4
DA:92,3
DA:96,3
DA:98,3
DA:99,3
DA:103,4
DA:105,3
DA:108,3
DA:111,3
DA:114,3
DA:115,3
DA:118,3
DA:119,3
DA:120,3
DA:121,3
DA:125,4
DA:127,3
DA:130,3
DA:132,3
DA:135,3
DA:137,3
DA:138,3
DA:139,3
DA:142,3
DA:143,3
DA:144,3
DA:145,3
DA:146,3
DA:153,4
DA:155,3
DA:158,3
DA:159,3
DA:162,3
DA:163,3
DA:164,3
DA:167,3
DA:168,3
DA:172,3
DA:176,3
DA:180,3
DA:184,3
DA:191,4
DA:193,3
DA:196,3
DA:197,3
DA:200,3
DA:201,3
DA:202,3
DA:203,3
DA:206,3
DA:207,3
DA:208,3
LF:89
LH:89
BRDA:4,0,0,8
BRDA:4,0,1,4
BRF:2
BRH:2
end_of_record
